Virtual User Script started at: 23.05.2024 19:30:55
Starting action vuser_init.
Web Turbo Replay of LoadRunner 2021.0.0 for Windows 10; build 430 (џэт 05 2021 19:27:22)  	[MsgId: MMSG-26983]
Run mode: HTML  	[MsgId: MMSG-26993]
Replay user agent: Mozilla/5.0 (Windows NT 10.0; Win64; x64) AppleWebKit/537.36 (KHTML, like Gecko) Chrome/124.0.0.0 Safari/537.36  	[MsgId: MMSG-26988]
Runtime Settings file: "D:\Cource\Stream_1\Examples\Scripts\UC4_Itinerary\\default.cfg"  	[MsgId: MMSG-27141]
Ending action vuser_init.
Running Vuser...
Starting iteration 1.
Maximum number of concurrent connections per server: 6  	[MsgId: MMSG-26989]
Starting action Action.
Action.c(4): Notify: Transaction "UC4_Itinerary" started.
Action.c(7): Notify: Transaction "home_page" started.
Action.c(9): web_set_sockets_option started  	[MsgId: MMSG-26355]
Action.c(9): web_set_sockets_option was successful  	[MsgId: MMSG-26392]
Action.c(11): web_add_header("Sec-Fetch-Site") started  	[MsgId: MMSG-26355]
Action.c(11): web_add_header("Sec-Fetch-Site") was successful  	[MsgId: MMSG-26392]
Action.c(14): web_add_header("Sec-Fetch-Dest") started  	[MsgId: MMSG-26355]
Action.c(14): web_add_header("Sec-Fetch-Dest") was successful  	[MsgId: MMSG-26392]
Action.c(17): web_add_auto_header("Sec-Fetch-Mode") started  	[MsgId: MMSG-26355]
Action.c(17): web_add_auto_header("Sec-Fetch-Mode") was successful  	[MsgId: MMSG-26392]
Action.c(20): web_add_header("Sec-Fetch-User") started  	[MsgId: MMSG-26355]
Action.c(20): web_add_header("Sec-Fetch-User") was successful  	[MsgId: MMSG-26392]
Action.c(23): web_add_auto_header("Upgrade-Insecure-Requests") started  	[MsgId: MMSG-26355]
Action.c(23): web_add_auto_header("Upgrade-Insecure-Requests") was successful  	[MsgId: MMSG-26392]
Action.c(26): web_add_auto_header("sec-ch-ua") started  	[MsgId: MMSG-26355]
Action.c(26): web_add_auto_header("sec-ch-ua") was successful  	[MsgId: MMSG-26392]
Action.c(29): web_add_auto_header("sec-ch-ua-mobile") started  	[MsgId: MMSG-26355]
Action.c(29): web_add_auto_header("sec-ch-ua-mobile") was successful  	[MsgId: MMSG-26392]
Action.c(32): web_add_auto_header("sec-ch-ua-platform") started  	[MsgId: MMSG-26355]
Action.c(32): web_add_auto_header("sec-ch-ua-platform") was successful  	[MsgId: MMSG-26392]
Action.c(35): web_custom_request("WebTours") started  	[MsgId: MMSG-26355]
Action.c(35): web_custom_request("WebTours") was successful, 366 body bytes, 298 header bytes  	[MsgId: MMSG-26386]
Action.c(44): web_add_auto_header("Sec-Fetch-Dest") started  	[MsgId: MMSG-26355]
Action.c(44): web_add_auto_header("Sec-Fetch-Dest") was successful  	[MsgId: MMSG-26392]
Action.c(47): web_add_auto_header("Sec-Fetch-Site") started  	[MsgId: MMSG-26355]
Action.c(47): web_add_auto_header("Sec-Fetch-Site") was successful  	[MsgId: MMSG-26392]
Action.c(52): web_custom_request("header.html") started  	[MsgId: MMSG-26355]
Action.c(52): web_custom_request("header.html") was successful, 710 body bytes, 297 header bytes  	[MsgId: MMSG-26386]
Action.c(61): web_reg_find started  	[MsgId: MMSG-26355]
Action.c(61): Registering web_reg_find was successful  	[MsgId: MMSG-26390]
Action.c(64): web_custom_request("welcome.pl") started  	[MsgId: MMSG-26355]
Action.c(64): Registered web_reg_find successful for "Text=A Session ID has been created and loaded into a cookie called MSO" (count=1)  	[MsgId: MMSG-26364]
Action.c(64): web_custom_request("welcome.pl") was successful, 686 body bytes, 327 header bytes, 12 chunking overhead bytes  	[MsgId: MMSG-26385]
Action.c(74): web_concurrent_start started  	[MsgId: MMSG-26355]
Action.c(74): web_concurrent_start was successful  	[MsgId: MMSG-26392]
Action.c(76): web_custom_request("home.html") started  	[MsgId: MMSG-26355]
Action.c(76): Registering web_custom_request("home.html") was successful  	[MsgId: MMSG-26390]
Action.c(85): web_reg_save_param started  	[MsgId: MMSG-26355]
Action.c(85): Registering web_reg_save_param was successful  	[MsgId: MMSG-26390]
Action.c(91): web_custom_request("nav.pl") started  	[MsgId: MMSG-26355]
Action.c(91): Registering web_custom_request("nav.pl") was successful  	[MsgId: MMSG-26390]
Action.c(101): web_custom_request("home.html_2") started  	[MsgId: MMSG-26355]
Action.c(101): Registering web_custom_request("home.html_2") was successful  	[MsgId: MMSG-26390]
Action.c(110): web_concurrent_end started  	[MsgId: MMSG-26355]
Action.c(101): Retrieving data from cache for "http://localhost:1080/WebTours/home.html"   [issued at Action.c(110)]  	[MsgId: MMSG-26558]
Action.c(110): web_concurrent_end was successful, 2851 body bytes, 554 header bytes, 12 chunking overhead bytes  	[MsgId: MMSG-26385]
Action.c(112): Notify: Transaction "home_page" ended with a "Pass" status (Duration: 0.5201 Wasted Time: 0.0719).
Action.c(114): Notify: Transaction "login" started.
Action.c(116): web_add_header("Origin") started  	[MsgId: MMSG-26355]
Action.c(116): web_add_header("Origin") was successful  	[MsgId: MMSG-26392]
Action.c(119): web_add_auto_header("Sec-Fetch-User") started  	[MsgId: MMSG-26355]
Action.c(119): web_add_auto_header("Sec-Fetch-User") was successful  	[MsgId: MMSG-26392]
Action.c(124): web_reg_find started  	[MsgId: MMSG-26355]
Action.c(124): Registering web_reg_find was successful  	[MsgId: MMSG-26390]
Action.c(127): web_custom_request("login.pl") started  	[MsgId: MMSG-26355]
Action.c(127): Registered web_reg_find successful for "Text=User password was correct" (count=1)  	[MsgId: MMSG-26364]
Action.c(127): web_custom_request("login.pl") was successful, 481 body bytes, 358 header bytes, 12 chunking overhead bytes  	[MsgId: MMSG-26385]
Action.c(138): web_concurrent_start started  	[MsgId: MMSG-26355]
Action.c(138): web_concurrent_start was successful  	[MsgId: MMSG-26392]
Action.c(140): web_custom_request("nav.pl_2") started  	[MsgId: MMSG-26355]
Action.c(140): Registering web_custom_request("nav.pl_2") was successful  	[MsgId: MMSG-26390]
Action.c(150): web_reg_find started  	[MsgId: MMSG-26355]
Action.c(150): Registering web_reg_find was successful  	[MsgId: MMSG-26390]
Action.c(153): web_custom_request("login.pl_2") started  	[MsgId: MMSG-26355]
Action.c(153): Registering web_custom_request("login.pl_2") was successful  	[MsgId: MMSG-26390]
Action.c(163): web_concurrent_end started  	[MsgId: MMSG-26355]
Action.c(163): Registered web_reg_find successful for "Text=Welcome to Web Tours" (count=1)  	[MsgId: MMSG-26364]
Action.c(163): web_concurrent_end was successful, 2400 body bytes, 483 header bytes, 24 chunking overhead bytes  	[MsgId: MMSG-26385]
Action.c(165): Notify: Transaction "login" ended with a "Pass" status (Duration: 0.2650 Wasted Time: 0.0061).
Action.c(169): Notify: Transaction "click_itinerary" started.
Action.c(171): web_reg_find started  	[MsgId: MMSG-26355]
Action.c(171): Registering web_reg_find was successful  	[MsgId: MMSG-26390]
Action.c(174): web_custom_request("Itinerary Button") started  	[MsgId: MMSG-26355]
Action.c(174): Registered web_reg_find successful for "Text= User wants the intineraries" (count=1)  	[MsgId: MMSG-26364]
Action.c(174): web_custom_request("Itinerary Button") was successful, 591 body bytes, 215 header bytes, 12 chunking overhead bytes  	[MsgId: MMSG-26385]
Action.c(184): web_concurrent_start started  	[MsgId: MMSG-26355]
Action.c(184): web_concurrent_start was successful  	[MsgId: MMSG-26392]
Action.c(186): web_reg_find started  	[MsgId: MMSG-26355]
Action.c(186): Registering web_reg_find was successful  	[MsgId: MMSG-26390]
Action.c(189): web_custom_request("nav.pl_3") started  	[MsgId: MMSG-26355]
Action.c(189): Registering web_custom_request("nav.pl_3") was successful  	[MsgId: MMSG-26390]
Action.c(199): web_reg_find started  	[MsgId: MMSG-26355]
Action.c(199): Registering web_reg_find was successful  	[MsgId: MMSG-26390]
Action.c(202): web_custom_request("itinerary.pl") started  	[MsgId: MMSG-26355]
Action.c(202): Registering web_custom_request("itinerary.pl") was successful  	[MsgId: MMSG-26390]
Action.c(212): web_concurrent_end started  	[MsgId: MMSG-26355]
Action.c(212): Registered web_reg_find successful for "Text=Web Tours Navigation Bar" (count=1)  	[MsgId: MMSG-26364]
Action.c(212): Registered web_reg_find successful for "Text=Flights List" (count=1)  	[MsgId: MMSG-26364]
Action.c(212): web_concurrent_end was successful, 12046 body bytes, 510 header bytes, 39 chunking overhead bytes  	[MsgId: MMSG-26385]
Action.c(214): web_custom_request("in_itinerary.gif") started  	[MsgId: MMSG-26355]
Action.c(214): web_custom_request("in_itinerary.gif") was successful, 733 body bytes, 297 header bytes  	[MsgId: MMSG-26386]
Action.c(223): web_concurrent_start started  	[MsgId: MMSG-26355]
Action.c(223): web_concurrent_start was successful  	[MsgId: MMSG-26392]
Action.c(225): web_custom_request("cancelallreservations.gif") started  	[MsgId: MMSG-26355]
Action.c(225): Registering web_custom_request("cancelallreservations.gif") was successful  	[MsgId: MMSG-26390]
Action.c(234): web_custom_request("cancelreservation.gif") started  	[MsgId: MMSG-26355]
Action.c(234): Registering web_custom_request("cancelreservation.gif") was successful  	[MsgId: MMSG-26390]
Action.c(243): web_concurrent_end started  	[MsgId: MMSG-26355]
Action.c(243): web_concurrent_end was successful, 1573 body bytes, 594 header bytes  	[MsgId: MMSG-26386]
Action.c(245): Notify: Transaction "click_itinerary" ended with a "Pass" status (Duration: 0.3450 Wasted Time: 0.0130).
Action.c(249): Notify: Transaction "logout" started.
Action.c(251): web_reg_find started  	[MsgId: MMSG-26355]
Action.c(251): Registering web_reg_find was successful  	[MsgId: MMSG-26390]
Action.c(254): web_custom_request("SignOff Button") started  	[MsgId: MMSG-26355]
Action.c(254): Registered web_reg_find successful for "Text=A Session ID has been created and loaded into a cookie called MSO" (count=1)  	[MsgId: MMSG-26364]
Action.c(254): web_custom_request("SignOff Button") was successful, 686 body bytes, 327 header bytes, 12 chunking overhead bytes  	[MsgId: MMSG-26385]
Action.c(264): web_reg_find started  	[MsgId: MMSG-26355]
Action.c(264): Registering web_reg_find was successful  	[MsgId: MMSG-26390]
Action.c(267): web_custom_request("nav.pl_4") started  	[MsgId: MMSG-26355]
Action.c(267): Registered web_reg_find successful for "Text=Web Tours Navigation Bar" (count=1)  	[MsgId: MMSG-26364]
Action.c(267): web_custom_request("nav.pl_4") was successful, 1488 body bytes, 255 header bytes, 12 chunking overhead bytes  	[MsgId: MMSG-26385]
Action.c(277): Notify: Transaction "logout" ended with a "Pass" status (Duration: 0,1862 Wasted Time: 0,0057).
Action.c(279): Notify: Transaction "UC4_Itinerary" ended with a "Pass" status (Duration: 1,4285 Wasted Time: 0,0967).
Ending action Action.
Ending iteration 1.
Ending Vuser...
Starting action vuser_end.
Ending action vuser_end.
Vuser Terminated.
